Build started 2015/6/15 16:28:19.
     1>Project "F:\程序区\MFC\五子棋\final\final\final.vcxproj" on node 2 (build target(s)).
     1>InitializeBuildStatus:
         Creating "Release\final.unsuccessfulbuild" because "AlwaysCreate" was specified.
       ClCompile:
         C:\Program Files (x86)\Microsoft Visual Studio 10.0\VC\bin\CL.exe /c /Zi /nologo /W3 /WX- /O2 /Oi /Oy- /GL /D WIN32 /D _WINDOWS /D NDEBUG /D _UNICODE /D UNICODE /Gm- /EHsc /MT /GS /Gy /fp:precise /Zc:wchar_t /Zc:forScope /Yc"StdAfx.h" /Fp"Release\final.pch" /Fo"Release\\" /Fd"Release\vc100.pdb" /Gd /TP /analyze- /errorReport:prompt stdafx.cpp
         stdafx.cpp
         C:\Program Files (x86)\Microsoft Visual Studio 10.0\VC\bin\CL.exe /c /Zi /nologo /W3 /WX- /O2 /Oi /Oy- /GL /D WIN32 /D _WINDOWS /D NDEBUG /D _UNICODE /D UNICODE /Gm- /EHsc /MT /GS /Gy /fp:precise /Zc:wchar_t /Zc:forScope /Yu"StdAfx.h" /Fp"Release\final.pch" /Fo"Release\\" /Fd"Release\vc100.pdb" /Gd /TP /analyze- /errorReport:prompt final.cpp finalDoc.cpp finalView.cpp MainFrm.cpp
         final.cpp
         finalDoc.cpp
         finalView.cpp
         MainFrm.cpp
       ResourceCompile:
         C:\Program Files (x86)\Microsoft SDKs\Windows\v7.0A\bin\rc.exe /D NDEBUG /D _UNICODE /D UNICODE /l"0x0804" /IRelease\ /nologo /fo"Release\final.res" final.rc 
         
     1>final.rc(85): error RC2135: file not found: E:\MFC\
     1>final.rc(86): error RC2135: file not found: E:\MFC\
     1>final.rc(87): error RC2135: file not found: E:\MFC\
     1>Done Building Project "F:\程序区\MFC\五子棋\final\final\final.vcxproj" (build target(s)) -- FAILED.

Build FAILED.

Time Elapsed 00:00:19.25
