Build started 2015/6/15 16:31:35.
     1>Project "F:\程序区\MFC\五子棋\final\final\final.vcxproj" on node 2 (build target(s)).
     1>InitializeBuildStatus:
         Touching "Debug\final.unsuccessfulbuild".
       ClCompile:
         All outputs are up-to-date.
         All outputs are up-to-date.
       ResourceCompile:
         C:\Program Files (x86)\Microsoft SDKs\Windows\v7.0A\bin\rc.exe /D _DEBUG /D _UNICODE /D UNICODE /l"0x0804" /IDebug\ /nologo /fo"Debug\final.res" final.rc 
       ManifestResourceCompile:
         C:\Program Files (x86)\Microsoft SDKs\Windows\v7.0A\bin\rc.exe /nologo /fo"Debug\final.exe.embed.manifest.res" Debug\final_manifest.rc 
       Link:
         C:\Program Files (x86)\Microsoft Visual Studio 10.0\VC\bin\link.exe /ERRORREPORT:PROMPT /OUT:"F:\程序区\MFC\五子棋\final\Debug\final.exe" /INCREMENTAL /NOLOGO /MANIFEST /ManifestFile:"Debug\final.exe.intermediate.manifest" /MANIFESTUAC:"level='asInvoker' uiAccess='false'" /DEBUG /PDB:"F:\程序区\MFC\五子棋\final\Debug\final.pdb" /SUBSYSTEM:WINDOWS /TLBID:1 /ENTRY:"wWinMainCRTStartup" /DYNAMICBASE /NXCOMPAT /IMPLIB:"F:\程序区\MFC\五子棋\final\Debug\final.lib" /MACHINE:X86 Debug\final.res
         Debug\final.exe.embed.manifest.res
         Debug\final.obj
         Debug\finalDoc.obj
         Debug\finalView.obj
         Debug\MainFrm.obj
         Debug\stdafx.obj
       Manifest:
         C:\Program Files (x86)\Microsoft SDKs\Windows\v7.0A\bin\mt.exe /nologo /verbose /out:"Debug\final.exe.embed.manifest" /manifest Debug\final.exe.intermediate.manifest "C:\Program Files (x86)\Microsoft Visual Studio 10.0\VC\Include\Manifest\dpiaware.manifest"
         All outputs are up-to-date.
       LinkEmbedManifest:
         All outputs are up-to-date.
         final.vcxproj -> F:\程序区\MFC\五子棋\final\Debug\final.exe
       FinalizeBuildStatus:
         Deleting file "Debug\final.unsuccessfulbuild".
         Touching "Debug\final.lastbuildstate".
     1>Done Building Project "F:\程序区\MFC\五子棋\final\final\final.vcxproj" (build target(s)).

Build succeeded.

Time Elapsed 00:00:16.70
